<?xml version="1.0" encoding="UTF-8"?>
<!-- Generated by org.testng.reporters.JUnitReportReporter -->
<testsuite hostname="PUN-LAP-BOTCHA" failures="0" tests="1" name="demo2.getRequest" time="1.862" errors="0" timestamp="2023-05-23T11:07:09 IST" skipped="0">
  <testcase classname="demo2.getRequest" name="setUp" time="1.862"/>
  <system-out/>
</testsuite> <!-- demo2.getRequest -->
