<?xml version="1.0" encoding="UTF-8"?>
<!-- Generated by org.testng.reporters.JUnitReportReporter -->
<testsuite hostname="PUN-LAP-BOTCHA" failures="0" tests="1" name="demo2.postRequest" time="1.897" errors="0" timestamp="2023-05-23T12:38:07 IST" skipped="0">
  <testcase classname="demo2.postRequest" name="setdata" time="1.897"/>
  <system-out/>
</testsuite> <!-- demo2.postRequest -->
