<?xml version="1.0" encoding="UTF-8"?>
<!-- Generated by org.testng.reporters.JUnitReportReporter -->
<testsuite hostname="PUN-LAP-BOTCHA" failures="0" tests="4" name="Demo.requ" time="3.659" errors="0" timestamp="2023-06-14T12:05:12 IST" skipped="0">
  <testcase classname="Demo.requ" name="getUser" time="2.131"/>
  <system-out/>
  <testcase classname="Demo.requ" name="createUser" time="0.567"/>
  <system-out/>
  <testcase classname="Demo.requ" name="update" time="0.450"/>
  <system-out/>
  <testcase classname="Demo.requ" name="delete" time="0.511"/>
  <system-out/>
</testsuite> <!-- Demo.requ -->
