<?xml version="1.0" encoding="UTF-8"?>
<!-- Generated by org.testng.reporters.JUnitReportReporter -->
<testsuite hostname="PUN-LAP-BOTCHA" failures="0" tests="4" name="Demo.HTTPRequests" time="3.884" errors="0" timestamp="2023-06-15T19:09:21 IST" skipped="0">
  <testcase classname="Demo.HTTPRequests" name="listUsers" time="2.338"/>
  <system-out/>
  <testcase classname="Demo.HTTPRequests" name="ceate" time="0.611"/>
  <system-out/>
  <testcase classname="Demo.HTTPRequests" name="update" time="0.517"/>
  <system-out/>
  <testcase classname="Demo.HTTPRequests" name="delete" time="0.418"/>
  <system-out/>
</testsuite> <!-- Demo.HTTPRequests -->
